Info    2026-04-11 23:04:42  DevID:MV-CS200-10GC(DA8205599)  Source-Line:libMvCameraControl.dylib(CInterfaceManager.cpp-L0812)     Description:Current dynamic library path[/Library/MVS_SDK/lib/libMvCameraControl.dylib]     Solution:
Info    2026-04-11 23:04:42  DevID:MV-CS200-10GC(DA8205599)  Source-Line:libMvCameraControl.dylib(CInterfaceManager.cpp-L0816)     Description:[MV_CC_CreateHandle] return[0x0]     Solution:
Info    2026-04-11 23:04:42  DevID:MV-CS200-10GC(DA8205599)  Source-Line:libMvCameraControl.dylib(CInterfaceManager.cpp-L5674)     Description:CamCtrl[0x3000007], GigE SDKVersion[0x3000007], DriverVersion[0x0]     Solution:
Info    2026-04-11 23:04:43  DevID:MV-CS200-10GC(DA8205599)  Source-Line:libMvCameraControl.dylib(CInterfaceManager.cpp-L4033)     Description:[MV_CC_InvalidateNodes] return[0x0]     Solution:
Info    2026-04-11 23:04:43  DevID:MV-CS200-10GC(DA8205599)  Source-Line:libMvCameraControl.dylib(CInterfaceManager.cpp-L1116)     Description:[MV_CC_OpenDevice] nPrivilegeMode[1], nSwitchoverKey[0], return[0x0]     Solution:
Info    2026-04-11 23:04:43  DevID:MV-CS200-10GC(DA8205599)  Source-Line:libMvCameraControl.dylib(CInterfaceManager.cpp-L1611)     Description:GigE, DeviceModelName[MV-CS200-10GC], DeviceFirmwareVersion[V3.4.57 2501101467843 24122506], DeviceMaxThroughput[748029]     Solution:
Info    2026-04-11 23:04:43  DevID:MV-CS200-10GC(DA8205599)  Source-Line:libMvCameraControl.dylib(CInterfaceManager.cpp-L1616)     Description:GigE, Width[5472], Height[3648], OffsetX[0], OffsetY[0], PixelFormat[0x108000a], AcquisitionMode[2]     Solution:
Info    2026-04-11 23:04:43  DevID:MV-CS200-10GC(DA8205599)  Source-Line:libMvCameraControl.dylib(CInterfaceManager.cpp-L1622)     Description:GigE, TriggerMode[0], ResultingFrameRate[4.68], ExposureTime[200000.00], ExposureAuto[0], PayloadSize[19961856]     Solution:
Info    2026-04-11 23:04:43  DevID:MV-CS200-10GC(DA8205599)  Source-Line:libMvCameraControl.dylib(CInterfaceManager.cpp-L1627)     Description:GigE, GevLinkSpeed[1000], GevHeartbeatTimeout[3000], GevSCPSPacketSize[1500], GevSCPD[400]     Solution:
Info    2026-04-11 23:04:43  DevID:MV-CS200-10GC(DA8205599)  Source-Line:libMvCameraControl.dylib(CInterfaceManager.cpp-L1722)     Description:There is no registration callback     Solution:
Info    2026-04-11 23:04:43  DevID:MV-CS200-10GC(DA8205599)  Source-Line:libMvCameraControl.dylib(CInterfaceManager.cpp-L5406)     Description:CamCtrl RecvThread Start, ThreadId[0]     Solution:
Info    2026-04-11 23:04:43  DevID:MV-CS200-10GC(DA8205599)  Source-Line:libMvCameraControl.dylib(CInterfaceManager.cpp-L1727)     Description:[MV_CC_StartGrabbing] return[0x0]     Solution:
Info    2026-04-11 23:04:43  DevID:MV-CS200-10GC(DA8205599)  Source-Line:libMvCameraControl.dylib(CInterfaceManager.cpp-L1805)     Description:[StopGrabbing] return[0x0]     Solution:
Info    2026-04-11 23:04:43  DevID:MV-CS200-10GC(DA8205599)  Source-Line:libMvCameraControl.dylib(CInterfaceManager.cpp-L5568)     Description:RecvThread Process Exit     Solution:
Info    2026-04-11 23:04:45  DevID:MV-CS200-10GC(DA8205599)  Source-Line:libMvCameraControl.dylib(CInterfaceManager.cpp-L1190)     Description:[CloseDevice] return[0x0]     Solution:
Info    2026-04-11 23:04:45  DevID:MV-CS200-10GC(DA8205599)  Source-Line:libMvCameraControl.dylib(CInterfaceManager.cpp-L0832)     Description:[MV_CC_DestroyHandle] return[0x0]     Solution:
Info    2026-04-11 23:08:31  DevID:MV-CS200-10GC(DA8205599)  Source-Line:libMvCameraControl.dylib(CInterfaceManager.cpp-L0812)     Description:Current dynamic library path[/Library/MVS_SDK/lib/libMvCameraControl.dylib]     Solution:
Info    2026-04-11 23:08:31  DevID:MV-CS200-10GC(DA8205599)  Source-Line:libMvCameraControl.dylib(CInterfaceManager.cpp-L0816)     Description:[MV_CC_CreateHandle] return[0x0]     Solution:
Info    2026-04-11 23:08:31  DevID:MV-CS200-10GC(DA8205599)  Source-Line:libMvCameraControl.dylib(CInterfaceManager.cpp-L5674)     Description:CamCtrl[0x3000007], GigE SDKVersion[0x3000007], DriverVersion[0x0]     Solution:
Info    2026-04-11 23:08:31  DevID:MV-CS200-10GC(DA8205599)  Source-Line:libMvCameraControl.dylib(CInterfaceManager.cpp-L4033)     Description:[MV_CC_InvalidateNodes] return[0x0]     Solution:
Info    2026-04-11 23:08:31  DevID:MV-CS200-10GC(DA8205599)  Source-Line:libMvCameraControl.dylib(CInterfaceManager.cpp-L1116)     Description:[MV_CC_OpenDevice] nPrivilegeMode[1], nSwitchoverKey[0], return[0x0]     Solution:
Info    2026-04-11 23:08:31  DevID:MV-CS200-10GC(DA8205599)  Source-Line:libMvCameraControl.dylib(CInterfaceManager.cpp-L1611)     Description:GigE, DeviceModelName[MV-CS200-10GC], DeviceFirmwareVersion[V3.4.57 2501101467843 24122506], DeviceMaxThroughput[748029]     Solution:
Info    2026-04-11 23:08:31  DevID:MV-CS200-10GC(DA8205599)  Source-Line:libMvCameraControl.dylib(CInterfaceManager.cpp-L1616)     Description:GigE, Width[5472], Height[3648], OffsetX[0], OffsetY[0], PixelFormat[0x108000a], AcquisitionMode[2]     Solution:
Info    2026-04-11 23:08:31  DevID:MV-CS200-10GC(DA8205599)  Source-Line:libMvCameraControl.dylib(CInterfaceManager.cpp-L1622)     Description:GigE, TriggerMode[0], ResultingFrameRate[4.68], ExposureTime[200000.00], ExposureAuto[0], PayloadSize[19961856]     Solution:
Info    2026-04-11 23:08:31  DevID:MV-CS200-10GC(DA8205599)  Source-Line:libMvCameraControl.dylib(CInterfaceManager.cpp-L1627)     Description:GigE, GevLinkSpeed[1000], GevHeartbeatTimeout[3000], GevSCPSPacketSize[1500], GevSCPD[400]     Solution:
Info    2026-04-11 23:08:31  DevID:MV-CS200-10GC(DA8205599)  Source-Line:libMvCameraControl.dylib(CInterfaceManager.cpp-L1722)     Description:There is no registration callback     Solution:
Info    2026-04-11 23:08:31  DevID:MV-CS200-10GC(DA8205599)  Source-Line:libMvCameraControl.dylib(CInterfaceManager.cpp-L5406)     Description:CamCtrl RecvThread Start, ThreadId[0]     Solution:
Info    2026-04-11 23:08:31  DevID:MV-CS200-10GC(DA8205599)  Source-Line:libMvCameraControl.dylib(CInterfaceManager.cpp-L1727)     Description:[MV_CC_StartGrabbing] return[0x0]     Solution:
Info    2026-04-11 23:08:32  DevID:MV-CS200-10GC(DA8205599)  Source-Line:libMvCameraControl.dylib(CInterfaceManager.cpp-L1805)     Description:[StopGrabbing] return[0x0]     Solution:
Info    2026-04-11 23:08:32  DevID:MV-CS200-10GC(DA8205599)  Source-Line:libMvCameraControl.dylib(CInterfaceManager.cpp-L5568)     Description:RecvThread Process Exit     Solution:
Info    2026-04-11 23:08:34  DevID:MV-CS200-10GC(DA8205599)  Source-Line:libMvCameraControl.dylib(CInterfaceManager.cpp-L1190)     Description:[CloseDevice] return[0x0]     Solution:
Info    2026-04-11 23:08:34  DevID:MV-CS200-10GC(DA8205599)  Source-Line:libMvCameraControl.dylib(CInterfaceManager.cpp-L0832)     Description:[MV_CC_DestroyHandle] return[0x0]     Solution:
Info    2026-04-11 23:09:14  DevID:MV-CS200-10GC(DA8205599)  Source-Line:libMvCameraControl.dylib(CInterfaceManager.cpp-L0812)     Description:Current dynamic library path[/Library/MVS_SDK/lib/libMvCameraControl.dylib]     Solution:
Info    2026-04-11 23:09:14  DevID:MV-CS200-10GC(DA8205599)  Source-Line:libMvCameraControl.dylib(CInterfaceManager.cpp-L0816)     Description:[MV_CC_CreateHandle] return[0x0]     Solution:
Info    2026-04-11 23:09:14  DevID:MV-CS200-10GC(DA8205599)  Source-Line:libMvCameraControl.dylib(CInterfaceManager.cpp-L5674)     Description:CamCtrl[0x3000007], GigE SDKVersion[0x3000007], DriverVersion[0x0]     Solution:
Info    2026-04-11 23:09:15  DevID:MV-CS200-10GC(DA8205599)  Source-Line:libMvCameraControl.dylib(CInterfaceManager.cpp-L4033)     Description:[MV_CC_InvalidateNodes] return[0x0]     Solution:
Info    2026-04-11 23:09:15  DevID:MV-CS200-10GC(DA8205599)  Source-Line:libMvCameraControl.dylib(CInterfaceManager.cpp-L1116)     Description:[MV_CC_OpenDevice] nPrivilegeMode[1], nSwitchoverKey[0], return[0x0]     Solution:
Info    2026-04-11 23:09:15  DevID:MV-CS200-10GC(DA8205599)  Source-Line:libMvCameraControl.dylib(CInterfaceManager.cpp-L5014)     Description:[MV_GIGE_SetResend] Enable[1], MaxResendPercent[20], ResendTimeout[300], return[0x0]     Solution:
Info    2026-04-11 23:09:15  DevID:MV-CS200-10GC(DA8205599)  Source-Line:libMvCameraControl.dylib(CInterfaceManager.cpp-L1611)     Description:GigE, DeviceModelName[MV-CS200-10GC], DeviceFirmwareVersion[V3.4.57 2501101467843 24122506], DeviceMaxThroughput[748029]     Solution:
Info    2026-04-11 23:09:15  DevID:MV-CS200-10GC(DA8205599)  Source-Line:libMvCameraControl.dylib(CInterfaceManager.cpp-L1616)     Description:GigE, Width[5472], Height[3648], OffsetX[0], OffsetY[0], PixelFormat[0x108000a], AcquisitionMode[2]     Solution:
Info    2026-04-11 23:09:15  DevID:MV-CS200-10GC(DA8205599)  Source-Line:libMvCameraControl.dylib(CInterfaceManager.cpp-L1622)     Description:GigE, TriggerMode[0], ResultingFrameRate[4.68], ExposureTime[200000.00], ExposureAuto[0], PayloadSize[19961856]     Solution:
Info    2026-04-11 23:09:15  DevID:MV-CS200-10GC(DA8205599)  Source-Line:libMvCameraControl.dylib(CInterfaceManager.cpp-L1627)     Description:GigE, GevLinkSpeed[1000], GevHeartbeatTimeout[3000], GevSCPSPacketSize[1500], GevSCPD[400]     Solution:
Info    2026-04-11 23:09:15  DevID:MV-CS200-10GC(DA8205599)  Source-Line:libMvCameraControl.dylib(CInterfaceManager.cpp-L1722)     Description:There is no registration callback     Solution:
Info    2026-04-11 23:09:15  DevID:MV-CS200-10GC(DA8205599)  Source-Line:libMvCameraControl.dylib(CInterfaceManager.cpp-L5406)     Description:CamCtrl RecvThread Start, ThreadId[0]     Solution:
Info    2026-04-11 23:09:15  DevID:MV-CS200-10GC(DA8205599)  Source-Line:libMvCameraControl.dylib(CInterfaceManager.cpp-L1727)     Description:[MV_CC_StartGrabbing] return[0x0]     Solution:
Info    2026-04-11 23:09:16  DevID:MV-CS200-10GC(DA8205599)  Source-Line:libMvCameraControl.dylib(CInterfaceManager.cpp-L1805)     Description:[StopGrabbing] return[0x0]     Solution:
Info    2026-04-11 23:09:16  DevID:MV-CS200-10GC(DA8205599)  Source-Line:libMvCameraControl.dylib(CInterfaceManager.cpp-L5568)     Description:RecvThread Process Exit     Solution:
Info    2026-04-11 23:09:17  DevID:MV-CS200-10GC(DA8205599)  Source-Line:libMvCameraControl.dylib(CInterfaceManager.cpp-L1190)     Description:[CloseDevice] return[0x0]     Solution:
Info    2026-04-11 23:09:17  DevID:MV-CS200-10GC(DA8205599)  Source-Line:libMvCameraControl.dylib(CInterfaceManager.cpp-L0832)     Description:[MV_CC_DestroyHandle] return[0x0]     Solution:
